<?xml version="1.0" encoding="UTF-8"?>
<!-- Generated by org.testng.reporters.JUnitReportReporter -->
<testsuite hostname="NaseemLappy" failures="0" tests="1" name="com.qa.tests.FetchMissingThumbnails" time="156.641" errors="0" timestamp="2022-03-21T10:23:26 IST" skipped="0">
  <testcase classname="com.qa.tests.FetchMissingThumbnails" name="FindingAllContentsWithNoThumbNail" time="156.641"/>
  <system-out>
Fetching text value from Header Movie Section Clicking on View All button against the section Bollywood Mania Clicking on Element View All Button No record found with no thumbnail on the page Bollywood Mania Clicking on Element Navigation Back Button Fetching text value from Header Movie Section Clicking on View All button against the section Marathi Dhamaal Clicking on Element View All Button Found record with no Thumbnail with the name as : Be Dune Saade Char Clicking on Element Content with record Be Dune Saade Char Clicking on Element Navigation Back Button Found record with no Thumbnail with the name as : Gast Clicking on Element Content with record Gast Clicking on Element Navigation Back Button Found record with no Thumbnail with the name as : Vegali Vaat Clicking on Element Content with record Vegali Vaat Clicking on Element Navigation Back Button Total number of records found with no thumbnail in the page Marathi Dhamaal is: 3 Clicking on Element Navigation Back Button Fetching text value from Header Movie Section Clicking on View All button against the section Best In Comedy Clicking on Element View All Button No record found with no thumbnail on the page Best In Comedy Clicking on Element Navigation Back Button Fetching text value from Header Movie Section Clicking on View All button against the section ZEE5 Original Shows Clicking on Element View All Button No record found with no thumbnail on the page ZEE5 Original Shows Clicking on Element Navigation Back Button Fetching text value from Header Movie Section Clicking on View All button against the section Bollywood Action Clicking on Element View All Button Found record with no Thumbnail with the name as : Shaurya Clicking on Element Content with record Shaurya Clicking on Element Navigation Back Button Total number of records found with no thumbnail in the page Bollywood Action is: 1 Clicking on Element Navigation Back Button  </system-out>
</testsuite> <!-- com.qa.tests.FetchMissingThumbnails -->
